<?xml version="1.0" encoding="utf-8"?><testsuites name="pytest tests"><testsuite name="pytest" errors="0" failures="1" skipped="0" tests="29" time="22.333" timestamp="2026-05-11T17:19:02.205634+00:00" hostname="agent-env-4aff6e34-f262-4696-a633-656a49de3888"><testcase classname="backend.tests.backend_test" name="test_register" time="8.501" /><testcase classname="backend.tests.backend_test" name="test_login" time="0.394" /><testcase classname="backend.tests.backend_test" name="test_login_invalid" time="0.390" /><testcase classname="backend.tests.backend_test" name="test_me_includes_is_pro" time="0.078" /><testcase classname="backend.tests.backend_test" name="test_me_no_token" time="0.071" /><testcase classname="backend.tests.backend_test" name="test_onboarding" time="0.117" /><testcase classname="backend.tests.backend_test" name="test_create_task" time="0.074" /><testcase classname="backend.tests.backend_test" name="test_complete_task" time="0.095" /><testcase classname="backend.tests.backend_test" name="test_delete_task" time="0.079" /><testcase classname="backend.tests.backend_test" name="test_mood" time="0.080" /><testcase classname="backend.tests.backend_test" name="test_focus_usage_default" time="0.077" /><testcase classname="backend.tests.backend_test" name="test_focus_free_tier_limit" time="0.344" /><testcase classname="backend.tests.backend_test" name="test_focus_usage_after_limit" time="0.071" /><testcase classname="backend.tests.backend_test" name="test_rooms" time="0.068" /><testcase classname="backend.tests.backend_test" name="test_shop_items" time="0.097" /><testcase classname="backend.tests.backend_test" name="test_boosters_list" time="0.065" /><testcase classname="backend.tests.backend_test" name="test_booster_checkout_invalid" time="0.077" /><testcase classname="backend.tests.backend_test" name="test_booster_checkout_grants_xp" time="0.287" /><testcase classname="backend.tests.backend_test" name="test_pro_checkout_session" time="0.761" /><testcase classname="backend.tests.backend_test" name="test_pro_checkout_status" time="0.275"><failure message="AssertionError: {&quot;detail&quot;:&quot;Stripe status check failed: Failed to retrieve session status: Request req_TX5J1jxTF2i3vp: No such checkout.session: cs_test_a1XXc4gboRqDPJKM7cxAOREOxPEzpgZlIpEg2UHYUTAX4pZYJKP55HZn7t&quot;}&#10;assert 500 == 200&#10; +  where 500 = &lt;Response [500]&gt;.status_code">backend/tests/backend_test.py:189: in test_pro_checkout_status
    assert r.status_code == 200, r.text
E   AssertionError: {"detail":"Stripe status check failed: Failed to retrieve session status: Request req_TX5J1jxTF2i3vp: No such checkout.session: cs_test_a1XXc4gboRqDPJKM7cxAOREOxPEzpgZlIpEg2UHYUTAX4pZYJKP55HZn7t"}
E   assert 500 == 200
E    +  where 500 = &lt;Response [500]&gt;.status_code</failure></testcase><testcase classname="backend.tests.backend_test" name="test_stripe_webhook_bad_signature" time="0.074" /><testcase classname="backend.tests.backend_test" name="test_ai_breakdown_free_blocked" time="0.076" /><testcase classname="backend.tests.backend_test" name="test_ai_affirmation_works" time="2.082" /><testcase classname="backend.tests.backend_test" name="test_ai_empathy_works" time="1.760" /><testcase classname="backend.tests.backend_test" name="test_ai_breakdown_pro_allowed" time="4.592" /><testcase classname="backend.tests.backend_test" name="test_waitlist_new" time="0.086" /><testcase classname="backend.tests.backend_test" name="test_waitlist_duplicate" time="0.080" /><testcase classname="backend.tests.backend_test" name="test_progress" time="0.119" /><testcase classname="backend.tests.backend_test" name="test_settings" time="0.082" /></testsuite></testsuites>