<?xml version="1.0" encoding="utf-8"?><testsuites name="pytest tests"><testsuite name="pytest" errors="0" failures="0" skipped="0" tests="21" time="11.732" timestamp="2026-05-10T14:13:03.824353+00:00" hostname="agent-env-4aff6e34-f262-4696-a633-656a49de3888"><testcase classname="backend.tests.backend_test" name="test_register" time="0.514" /><testcase classname="backend.tests.backend_test" name="test_login" time="0.334" /><testcase classname="backend.tests.backend_test" name="test_login_invalid" time="0.327" /><testcase classname="backend.tests.backend_test" name="test_me" time="0.055" /><testcase classname="backend.tests.backend_test" name="test_me_no_token" time="0.046" /><testcase classname="backend.tests.backend_test" name="test_onboarding" time="0.103" /><testcase classname="backend.tests.backend_test" name="test_create_task" time="0.061" /><testcase classname="backend.tests.backend_test" name="test_list_tasks" time="0.053" /><testcase classname="backend.tests.backend_test" name="test_complete_task_awards_xp" time="0.103" /><testcase classname="backend.tests.backend_test" name="test_delete_task" time="0.099" /><testcase classname="backend.tests.backend_test" name="test_mood_create_and_list" time="0.123" /><testcase classname="backend.tests.backend_test" name="test_focus_session_xp" time="0.193" /><testcase classname="backend.tests.backend_test" name="test_rooms" time="0.051" /><testcase classname="backend.tests.backend_test" name="test_shop_items" time="0.050" /><testcase classname="backend.tests.backend_test" name="test_shop_purchase_insufficient" time="0.100" /><testcase classname="backend.tests.backend_test" name="test_shop_purchase_success" time="0.377" /><testcase classname="backend.tests.backend_test" name="test_ai_breakdown" time="5.701" /><testcase classname="backend.tests.backend_test" name="test_ai_affirmation" time="1.548" /><testcase classname="backend.tests.backend_test" name="test_ai_empathy" time="1.492" /><testcase classname="backend.tests.backend_test" name="test_progress" time="0.052" /><testcase classname="backend.tests.backend_test" name="test_settings" time="0.057" /></testsuite></testsuites>